# JRE version: OpenJDK Runtime Environment (17.0.9) (build 17.0.9+0--11185874)
# Java VM: OpenJDK 64-Bit Server VM (17.0.9+0--11185874, mixed mode, tiered, compressed oops, compressed class ptrs, g1 gc, windows-amd64)
GC Precious Log:
 CPUs: 4 total, 4 available
 Memory: 12168M
 Large Page Support: Disabled
 NUMA Support: Disabled
 Compressed Oops: Enabled (32-bit)
 Heap Region Size: 1M
 Heap Min Capacity: 8M
 Heap Initial Capacity: 192M
 Heap Max Capacity: 2G
 Pre-touch: Disabled
 Parallel Workers: 4
 Concurrent Workers: 1
 Concurrent Refinement Workers: 4
 Periodic GC: Disabled
Heap:
 garbage-first heap   total 460800K, used 296508K [0x0000000080000000, 0x0000000100000000)
  region size 1024K, 61 young (62464K), 13 survivors (13312K)
 Metaspace       used 205709K, committed 206848K, reserved 1245184K
  class space    used 26360K, committed 26944K, reserved 1048576K
GC Heap History (20 events):
Event: 62.649 GC heap before
{Heap before GC invocations=75 (full 0):
 garbage-first heap   total 309248K, used 265901K [0x0000000080000000, 0x0000000100000000)
  region size 1024K, 37 young (37888K), 4 survivors (4096K)
 Metaspace       used 175566K, committed 176512K, reserved 1245184K
  class space    used 22744K, committed 23168K, reserved 1048576K
}
Event: 62.654 GC heap after
{Heap after GC invocations=76 (full 0):
 garbage-first heap   total 309248K, used 233904K [0x0000000080000000, 0x0000000100000000)
  region size 1024K, 4 young (4096K), 4 survivors (4096K)
 Metaspace       used 175566K, committed 176512K, reserved 1245184K
  class space    used 22744K, committed 23168K, reserved 1048576K
}
Event: 63.288 GC heap before
{Heap before GC invocations=76 (full 0):
 garbage-first heap   total 309248K, used 267696K [0x0000000080000000, 0x0000000100000000)
  region size 1024K, 37 young (37888K), 4 survivors (4096K)
 Metaspace       used 175566K, committed 176512K, reserved 1245184K
  class space    used 22744K, committed 23168K, reserved 1048576K
}
Event: 63.294 GC heap after
{Heap after GC invocations=77 (full 0):
 garbage-first heap   total 309248K, used 235411K [0x0000000080000000, 0x0000000100000000)
  region size 1024K, 4 young (4096K), 4 survivors (4096K)
 Metaspace       used 175566K, committed 176512K, reserved 1245184K
  class space    used 22744K, committed 23168K, reserved 1048576K
}
Event: 63.949 GC heap before
{Heap before GC invocations=77 (full 0):
 garbage-first heap   total 309248K, used 269203K [0x0000000080000000, 0x0000000100000000)
  region size 1024K, 37 young (37888K), 4 survivors (4096K)
 Metaspace       used 175567K, committed 176512K, reserved 1245184K
  class space    used 22744K, committed 23168K, reserved 1048576K
}
Event: 63.953 GC heap after
{Heap after GC invocations=78 (full 0):
 garbage-first heap   total 309248K, used 237318K [0x0000000080000000, 0x0000000100000000)
  region size 1024K, 4 young (4096K), 4 survivors (4096K)
 Metaspace       used 175567K, committed 176512K, reserved 1245184K
  class space    used 22744K, committed 23168K, reserved 1048576K
}
Event: 64.569 GC heap before
{Heap before GC invocations=78 (full 0):
 garbage-first heap   total 309248K, used 277254K [0x0000000080000000, 0x0000000100000000)
  region size 1024K, 34 young (34816K), 4 survivors (4096K)
 Metaspace       used 175608K, committed 176512K, reserved 1245184K
  class space    used 22755K, committed 23168K, reserved 1048576K
}
Event: 64.573 GC heap after
{Heap after GC invocations=79 (full 0):
 garbage-first heap   total 309248K, used 248808K [0x0000000080000000, 0x0000000100000000)
  region size 1024K, 3 young (3072K), 3 survivors (3072K)
 Metaspace       used 175608K, committed 176512K, reserved 1245184K
  class space    used 22755K, committed 23168K, reserved 1048576K
}
Event: 64.909 GC heap before
{Heap before GC invocations=79 (full 0):
 garbage-first heap   total 460800K, used 277480K [0x0000000080000000, 0x0000000100000000)
  region size 1024K, 22 young (22528K), 3 survivors (3072K)
 Metaspace       used 175724K, committed 176640K, reserved 1245184K
  class space    used 22769K, committed 23168K, reserved 1048576K
}
Event: 64.923 GC heap after
{Heap after GC invocations=80 (full 0):
 garbage-first heap   total 460800K, used 240083K [0x0000000080000000, 0x0000000100000000)
  region size 1024K, 3 young (3072K), 3 survivors (3072K)
 Metaspace       used 175724K, committed 176640K, reserved 1245184K
  class space    used 22769K, committed 23168K, reserved 1048576K
}
Event: 68.443 GC heap before
{Heap before GC invocations=81 (full 0):
 garbage-first heap   total 460800K, used 384467K [0x0000000080000000, 0x0000000100000000)
  region size 1024K, 143 young (146432K), 3 survivors (3072K)
 Metaspace       used 189172K, committed 190144K, reserved 1245184K
  class space    used 24607K, committed 25088K, reserved 1048576K
}
Event: 68.458 GC heap after
{Heap after GC invocations=82 (full 0):
 garbage-first heap   total 460800K, used 245203K [0x0000000080000000, 0x0000000100000000)
  region size 1024K, 8 young (8192K), 8 survivors (8192K)
 Metaspace       used 189172K, committed 190144K, reserved 1245184K
  class space    used 24607K, committed 25088K, reserved 1048576K
}
Event: 68.794 GC heap before
{Heap before GC invocations=82 (full 0):
 garbage-first heap   total 460800K, used 261587K [0x0000000080000000, 0x0000000100000000)
  region size 1024K, 22 young (22528K), 8 survivors (8192K)
 Metaspace       used 189694K, committed 190656K, reserved 1245184K
  class space    used 24651K, committed 25088K, reserved 1048576K
}
Event: 68.810 GC heap after
{Heap after GC invocations=83 (full 0):
 garbage-first heap   total 460800K, used 240203K [0x0000000080000000, 0x0000000100000000)
  region size 1024K, 3 young (3072K), 3 survivors (3072K)
 Metaspace       used 189694K, committed 190656K, reserved 1245184K
  class space    used 24651K, committed 25088K, reserved 1048576K
}
Event: 70.247 GC heap before
{Heap before GC invocations=83 (full 0):
 garbage-first heap   total 460800K, used 386635K [0x0000000080000000, 0x0000000100000000)
  region size 1024K, 146 young (149504K), 3 survivors (3072K)
 Metaspace       used 189782K, committed 190720K, reserved 1245184K
  class space    used 24651K, committed 25088K, reserved 1048576K
}
Event: 70.250 GC heap after
{Heap after GC invocations=84 (full 0):
 garbage-first heap   total 460800K, used 240962K [0x0000000080000000, 0x0000000100000000)
  region size 1024K, 4 young (4096K), 4 survivors (4096K)
 Metaspace       used 189782K, committed 190720K, reserved 1245184K
  class space    used 24651K, committed 25088K, reserved 1048576K
}
Event: 72.931 GC heap before
{Heap before GC invocations=84 (full 0):
 garbage-first heap   total 460800K, used 396610K [0x0000000080000000, 0x0000000100000000)
  region size 1024K, 152 young (155648K), 4 survivors (4096K)
 Metaspace       used 199544K, committed 200512K, reserved 1245184K
  class space    used 25773K, committed 26240K, reserved 1048576K
}
Event: 72.939 GC heap after
{Heap after GC invocations=85 (full 0):
 garbage-first heap   total 460800K, used 239706K [0x0000000080000000, 0x0000000100000000)
  region size 1024K, 5 young (5120K), 5 survivors (5120K)
 Metaspace       used 199544K, committed 200512K, reserved 1245184K
  class space    used 25773K, committed 26240K, reserved 1048576K
}
Event: 88.652 GC heap before
{Heap before GC invocations=85 (full 0):
 garbage-first heap   total 460800K, used 393306K [0x0000000080000000, 0x0000000100000000)
  region size 1024K, 156 young (159744K), 5 survivors (5120K)
 Metaspace       used 202338K, committed 203456K, reserved 1245184K
  class space    used 25961K, committed 26496K, reserved 1048576K
}
Event: 88.671 GC heap after
{Heap after GC invocations=86 (full 0):
 garbage-first heap   total 460800K, used 248380K [0x0000000080000000, 0x0000000100000000)
  region size 1024K, 13 young (13312K), 13 survivors (13312K)
 Metaspace       used 202338K, committed 203456K, reserved 1245184K
  class space    used 25961K, committed 26496K, reserved 1048576K
}

