# JRE version: OpenJDK Runtime Environment (17.0.9) (build 17.0.9+0--11185874)
# Java VM: OpenJDK 64-Bit Server VM (17.0.9+0--11185874, mixed mode, tiered, compressed oops, compressed class ptrs, g1 gc, windows-amd64)
GC Precious Log:
 CPUs: 4 total, 4 available
 Memory: 12168M
 Large Page Support: Disabled
 NUMA Support: Disabled
 Compressed Oops: Enabled (32-bit)
 Heap Region Size: 1M
 Heap Min Capacity: 8M
 Heap Initial Capacity: 192M
 Heap Max Capacity: 2G
 Pre-touch: Disabled
 Parallel Workers: 4
 Concurrent Workers: 1
 Concurrent Refinement Workers: 4
 Periodic GC: Disabled
Heap:
 garbage-first heap   total 473088K, used 226372K [0x0000000080000000, 0x0000000100000000)
  region size 1024K, 11 young (11264K), 11 survivors (11264K)
 Metaspace       used 132158K, committed 133056K, reserved 1179648K
  class space    used 17975K, committed 18432K, reserved 1048576K
GC Heap History (20 events):
Event: 142.517 GC heap after
{Heap after GC invocations=172 (full 0):
 garbage-first heap   total 473088K, used 182608K [0x0000000080000000, 0x0000000100000000)
  region size 1024K, 12 young (12288K), 12 survivors (12288K)
 Metaspace       used 132087K, committed 132992K, reserved 1179648K
  class space    used 17971K, committed 18432K, reserved 1048576K
}
Event: 143.195 GC heap before
{Heap before GC invocations=172 (full 0):
 garbage-first heap   total 473088K, used 407888K [0x0000000080000000, 0x0000000100000000)
  region size 1024K, 232 young (237568K), 12 survivors (12288K)
 Metaspace       used 132094K, committed 132992K, reserved 1179648K
  class space    used 17971K, committed 18432K, reserved 1048576K
}
Event: 143.210 GC heap after
{Heap after GC invocations=173 (full 0):
 garbage-first heap   total 473088K, used 187216K [0x0000000080000000, 0x0000000100000000)
  region size 1024K, 16 young (16384K), 16 survivors (16384K)
 Metaspace       used 132094K, committed 132992K, reserved 1179648K
  class space    used 17971K, committed 18432K, reserved 1048576K
}
Event: 143.876 GC heap before
{Heap before GC invocations=173 (full 0):
 garbage-first heap   total 473088K, used 407376K [0x0000000080000000, 0x0000000100000000)
  region size 1024K, 231 young (236544K), 16 survivors (16384K)
 Metaspace       used 132108K, committed 132992K, reserved 1179648K
  class space    used 17972K, committed 18432K, reserved 1048576K
}
Event: 143.898 GC heap after
{Heap after GC invocations=174 (full 0):
 garbage-first heap   total 473088K, used 197099K [0x0000000080000000, 0x0000000100000000)
  region size 1024K, 25 young (25600K), 25 survivors (25600K)
 Metaspace       used 132108K, committed 132992K, reserved 1179648K
  class space    used 17972K, committed 18432K, reserved 1048576K
}
Event: 144.299 GC heap before
{Heap before GC invocations=174 (full 0):
 garbage-first heap   total 473088K, used 399851K [0x0000000080000000, 0x0000000100000000)
  region size 1024K, 222 young (227328K), 25 survivors (25600K)
 Metaspace       used 132124K, committed 132992K, reserved 1179648K
  class space    used 17972K, committed 18432K, reserved 1048576K
}
Event: 144.353 GC heap after
{Heap after GC invocations=175 (full 0):
 garbage-first heap   total 473088K, used 208434K [0x0000000080000000, 0x0000000100000000)
  region size 1024K, 27 young (27648K), 27 survivors (27648K)
 Metaspace       used 132124K, committed 132992K, reserved 1179648K
  class space    used 17972K, committed 18432K, reserved 1048576K
}
Event: 144.898 GC heap before
{Heap before GC invocations=175 (full 0):
 garbage-first heap   total 473088K, used 393778K [0x0000000080000000, 0x0000000100000000)
  region size 1024K, 208 young (212992K), 27 survivors (27648K)
 Metaspace       used 132139K, committed 132992K, reserved 1179648K
  class space    used 17974K, committed 18432K, reserved 1048576K
}
Event: 144.921 GC heap after
{Heap after GC invocations=176 (full 0):
 garbage-first heap   total 473088K, used 210432K [0x0000000080000000, 0x0000000100000000)
  region size 1024K, 3 young (3072K), 3 survivors (3072K)
 Metaspace       used 132139K, committed 132992K, reserved 1179648K
  class space    used 17974K, committed 18432K, reserved 1048576K
}
Event: 145.515 GC heap before
{Heap before GC invocations=176 (full 0):
 garbage-first heap   total 473088K, used 398848K [0x0000000080000000, 0x0000000100000000)
  region size 1024K, 187 young (191488K), 3 survivors (3072K)
 Metaspace       used 132139K, committed 132992K, reserved 1179648K
  class space    used 17974K, committed 18432K, reserved 1048576K
}
Event: 145.524 GC heap after
{Heap after GC invocations=177 (full 0):
 garbage-first heap   total 473088K, used 215418K [0x0000000080000000, 0x0000000100000000)
  region size 1024K, 8 young (8192K), 8 survivors (8192K)
 Metaspace       used 132139K, committed 132992K, reserved 1179648K
  class space    used 17974K, committed 18432K, reserved 1048576K
}
Event: 146.254 GC heap before
{Heap before GC invocations=178 (full 0):
 garbage-first heap   total 473088K, used 393594K [0x0000000080000000, 0x0000000100000000)
  region size 1024K, 188 young (192512K), 8 survivors (8192K)
 Metaspace       used 132143K, committed 133056K, reserved 1179648K
  class space    used 17974K, committed 18432K, reserved 1048576K
}
Event: 146.267 GC heap after
{Heap after GC invocations=179 (full 0):
 garbage-first heap   total 473088K, used 219136K [0x0000000080000000, 0x0000000100000000)
  region size 1024K, 16 young (16384K), 16 survivors (16384K)
 Metaspace       used 132143K, committed 133056K, reserved 1179648K
  class space    used 17974K, committed 18432K, reserved 1048576K
}
Event: 146.295 GC heap before
{Heap before GC invocations=179 (full 0):
 garbage-first heap   total 473088K, used 225280K [0x0000000080000000, 0x0000000100000000)
  region size 1024K, 23 young (23552K), 16 survivors (16384K)
 Metaspace       used 132143K, committed 133056K, reserved 1179648K
  class space    used 17974K, committed 18432K, reserved 1048576K
}
Event: 146.306 GC heap after
{Heap after GC invocations=180 (full 0):
 garbage-first heap   total 473088K, used 199432K [0x0000000080000000, 0x0000000100000000)
  region size 1024K, 2 young (2048K), 2 survivors (2048K)
 Metaspace       used 132143K, committed 133056K, reserved 1179648K
  class space    used 17974K, committed 18432K, reserved 1048576K
}
Event: 146.685 GC heap before
{Heap before GC invocations=180 (full 0):
 garbage-first heap   total 473088K, used 393992K [0x0000000080000000, 0x0000000100000000)
  region size 1024K, 192 young (196608K), 2 survivors (2048K)
 Metaspace       used 132151K, committed 133056K, reserved 1179648K
  class space    used 17974K, committed 18432K, reserved 1048576K
}
Event: 146.708 GC heap after
{Heap after GC invocations=181 (full 0):
 garbage-first heap   total 473088K, used 215867K [0x0000000080000000, 0x0000000100000000)
  region size 1024K, 18 young (18432K), 18 survivors (18432K)
 Metaspace       used 132151K, committed 133056K, reserved 1179648K
  class space    used 17974K, committed 18432K, reserved 1048576K
}
Event: 147.270 GC heap before
{Heap before GC invocations=181 (full 0):
 garbage-first heap   total 473088K, used 389947K [0x0000000080000000, 0x0000000100000000)
  region size 1024K, 188 young (192512K), 18 survivors (18432K)
 Metaspace       used 132157K, committed 133056K, reserved 1179648K
  class space    used 17975K, committed 18432K, reserved 1048576K
}
Event: 147.296 GC heap after
{Heap after GC invocations=182 (full 0):
 garbage-first heap   total 473088K, used 225356K [0x0000000080000000, 0x0000000100000000)
  region size 1024K, 10 young (10240K), 10 survivors (10240K)
 Metaspace       used 132157K, committed 133056K, reserved 1179648K
  class space    used 17975K, committed 18432K, reserved 1048576K
}
Event: 147.600 GC heap before
{Heap before GC invocations=182 (full 0):
 garbage-first heap   total 473088K, used 392268K [0x0000000080000000, 0x0000000100000000)
  region size 1024K, 173 young (177152K), 10 survivors (10240K)
 Metaspace       used 132158K, committed 133056K, reserved 1179648K
  class space    used 17975K, committed 18432K, reserved 1048576K
}

